
ULTIMATE BRAIN MASTER CONTROLLER

Running core.nse_bhavcopy_engine
Bhavcopy not available today: 404
Running core.nse_universe_engine
Engine started: core.nse_universe_engine
Running core.fundamental_ingestion_engine
Engine started: core.fundamental_ingestion_engine
Skipped core.fundamental_10y_engine (no run function)
Running core.fii_dii_trend_engine
Engine started: core.fii_dii_trend_engine
Running core.business_evolution_engine
Engine started: core.business_evolution_engine
Running core.global_impact_engine
Global Impact Engine Running
Global Impact Engine Completed
Running core.news_signal_engine
Engine started: core.news_signal_engine
Running core.mode_engine
Market Mode Engine Running
Market Mode Engine Completed
Running core.opportunity_detection_engine
Engine started: core.opportunity_detection_engine

SYSTEM EXECUTION COMPLETE

