2026-02-19 14:25:16.952498 - Pipeline execution started
2026-02-19 14:25:16.952585 - Missing engine: nse_universe_engine.py
2026-02-19 14:25:16.952643 - Missing engine: fundamentals_ingestion_engine.py
2026-02-19 14:25:16.952700 - Missing engine: core_master_runner.py
2026-02-19 14:25:16.952787 - Pipeline execution completed
2026-02-19 14:25:18.183205 - Pipeline execution started
2026-02-19 14:25:18.183329 - Missing engine: nse_universe_engine.py
2026-02-19 14:25:18.183449 - Missing engine: fundamentals_ingestion_engine.py
2026-02-19 14:25:18.183557 - Missing engine: core_master_runner.py
2026-02-19 14:25:18.183660 - Pipeline execution completed
2026-02-19 14:59:27.416931 - Pipeline execution started
2026-02-19 14:59:27.417037 - Missing engine: nse_universe_engine.py
2026-02-19 14:59:27.417131 - Missing engine: fundamentals_ingestion_engine.py
2026-02-19 14:59:27.417235 - Missing engine: core_master_runner.py
2026-02-19 14:59:27.417333 - Pipeline execution completed
2026-02-19 14:59:28.259844 - Pipeline execution started
2026-02-19 14:59:28.260013 - Missing engine: nse_universe_engine.py
2026-02-19 14:59:28.260101 - Missing engine: fundamentals_ingestion_engine.py
2026-02-19 14:59:28.260176 - Missing engine: core_master_runner.py
2026-02-19 14:59:28.260245 - Pipeline execution completed
