2026-03-09 17:10:24,276 | INFO | PIPELINE START
2026-03-09 17:10:24,277 | INFO | START Company Intelligence Engine
2026-03-09 17:11:44,831 | INFO | SUCCESS Company Intelligence Engine (80.55s)
2026-03-09 17:11:44,831 | INFO | START Ownership Intelligence Engine
2026-03-09 17:16:42,626 | INFO | SUCCESS Ownership Intelligence Engine (297.8s)
2026-03-09 17:16:42,626 | INFO | START Sector Intelligence Engine
2026-03-09 17:16:42,642 | INFO | SUCCESS Sector Intelligence Engine (0.02s)
2026-03-09 17:16:42,642 | INFO | START Market Mode Engine
2026-03-09 17:16:42,658 | INFO | SUCCESS Market Mode Engine (0.02s)
2026-03-09 17:16:42,659 | INFO | START Master Brain Engine
2026-03-09 17:16:42,684 | INFO | SUCCESS Master Brain Engine (0.03s)
2026-03-09 17:16:42,685 | INFO | PIPELINE COMPLETE (378.41s)
2026-03-09 17:19:21,014 | INFO | AUTONOMOUS SYSTEM STARTED
2026-03-11 01:47:30,276 | INFO | PIPELINE START
2026-03-11 01:47:30,276 | INFO | START Company Intelligence Engine
2026-03-11 01:48:50,469 | INFO | SUCCESS Company Intelligence Engine (80.19s)
2026-03-11 01:48:50,469 | INFO | START Ownership Intelligence Engine
2026-03-11 01:53:52,375 | INFO | SUCCESS Ownership Intelligence Engine (301.91s)
2026-03-11 01:53:52,375 | INFO | START Sector Intelligence Engine
2026-03-11 01:53:52,390 | INFO | SUCCESS Sector Intelligence Engine (0.02s)
2026-03-11 01:53:52,390 | INFO | START Market Mode Engine
2026-03-11 01:53:52,431 | INFO | SUCCESS Market Mode Engine (0.04s)
2026-03-11 01:53:52,431 | INFO | START Global Macro Engine
2026-03-11 01:53:52,437 | INFO | SUCCESS Global Macro Engine (0.01s)
2026-03-11 01:53:52,437 | INFO | START Master Brain Engine
2026-03-11 01:53:52,501 | INFO | SUCCESS Master Brain Engine (0.06s)
2026-03-11 01:53:52,501 | INFO | PIPELINE COMPLETE (382.22s)
